#
# There is insufficient memory for the Java Runtime Environment to continue.
# Native memory allocation (malloc) failed to allocate 32744 bytes for ChunkPool::allocate
# Possible reasons:
#   The system is out of physical RAM or swap space
#   The process is running with CompressedOops enabled, and the Java Heap may be blocking the growth of the native heap
# Possible solutions:
#   Reduce memory load on the system
#   Increase physical memory or swap space
#   Check if swap backing store is full
#   Decrease Java heap size (-Xmx/-Xms)
#   Decrease number of Java threads
#   Decrease Java thread stack sizes (-Xss)
#   Set larger code cache with -XX:ReservedCodeCacheSize=
#   JVM is running with Unscaled Compressed Oops mode in which the Java heap is
#     placed in the first 4GB address space. The Java Heap base address is the
#     maximum limit for the native heap growth. Please use -XX:HeapBaseMinAddress
#     to set the Java Heap base and to place the Java Heap above 4GB virtual address.
# This output file may be truncated or incomplete.
#
#  Out of Memory Error (allocation.cpp:272), pid=4792, tid=0x0000000000000a6c
#
# JRE version: OpenJDK Runtime Environment (8.0_212-b04) (build 1.8.0_212-release-1586-b04)
# Java VM: OpenJDK 64-Bit Server VM (25.212-b04 mixed mode windows-amd64 compressed oops)
# Failed to write core dump. Minidumps are not enabled by default on client versions of Windows
#

---------------  T H R E A D  ---------------

Current thread (0x0000000016357800):  JavaThread "C2 CompilerThread0" daemon [_thread_in_native, id=2668, stack(0x00000000178a0000,0x00000000179a0000)]

Stack: [0x00000000178a0000,0x00000000179a0000]
[error occurred during error reporting (printing stack bounds), id 0xc0000005]

Native frames: (J=compiled Java code, j=interpreted, Vv=VM code, C=native code)


Current CompileTask:
C2:3439962 17452   !   4       java.util.concurrent.LinkedBlockingQueue::poll (134 bytes)


---------------  P R O C E S S  ---------------

Java Threads: ( => current thread )
  0x000000001c145000 JavaThread "Cache worker for Java compile cache (C:\Users\Nikola\AndroidStudioProjects\IksOksAssignment\.gradle\5.6.4\javaCompile)" [_thread_blocked, id=7916, stack(0x0000000025f10000,0x0000000026010000)]
  0x000000001c147800 JavaThread "stdout" [_thread_in_native, id=7692, stack(0x0000000029860000,0x0000000029960000)]
  0x000000001c126800 JavaThread "stderr" [_thread_in_native, id=7688, stack(0x0000000029760000,0x0000000029860000)]
  0x000000001c125000 JavaThread "stdout" [_thread_in_native, id=7656, stack(0x0000000029660000,0x0000000029760000)]
  0x000000001c123000 JavaThread "stderr" [_thread_in_native, id=7652, stack(0x00000000288b0000,0x00000000289b0000)]
  0x000000001c126000 JavaThread "stdout" [_thread_in_native, id=7624, stack(0x00000000287b0000,0x00000000288b0000)]
  0x000000001c124800 JavaThread "stderr" [_thread_in_native, id=7620, stack(0x00000000286b0000,0x00000000287b0000)]
  0x000000001c120800 JavaThread "stdout" [_thread_in_native, id=7608, stack(0x00000000285b0000,0x00000000286b0000)]
  0x000000001c123800 JavaThread "stderr" [_thread_in_native, id=7604, stack(0x00000000284b0000,0x00000000285b0000)]
  0x000000001c122000 JavaThread "pool-10-thread-1" [_thread_blocked, id=7592, stack(0x00000000283b0000,0x00000000284b0000)]
  0x000000001c11d800 JavaThread "WorkerExecutor Queue Thread 3" [_thread_blocked, id=7584, stack(0x0000000025ca0000,0x0000000025da0000)]
  0x000000001c11d000 JavaThread "WorkerExecutor Queue Thread 2" [_thread_blocked, id=7580, stack(0x0000000025ba0000,0x0000000025ca0000)]
  0x000000001c118800 JavaThread "WorkerExecutor Queue" [_thread_blocked, id=7576, stack(0x0000000025aa0000,0x0000000025ba0000)]
  0x000000001c119000 JavaThread "Cache worker for execution history cache (C:\Users\Nikola\AndroidStudioProjects\IksOksAssignment\.gradle\5.6.4\executionHistory)" [_thread_blocked, id=7556, stack(0x00000000259a0000,0x0000000025aa0000)]
  0x000000001c11a800 JavaThread "Execution worker for ':' Thread 3" [_thread_blocked, id=7552, stack(0x00000000258a0000,0x00000000259a0000)]
  0x0000000026b28800 JavaThread "Execution worker for ':' Thread 2" [_thread_in_native, id=7548, stack(0x00000000255a0000,0x00000000256a0000)]
  0x0000000026b25000 JavaThread "Execution worker for ':'" [_thread_blocked, id=7544, stack(0x00000000254a0000,0x00000000255a0000)]
  0x0000000026b28000 JavaThread "Cache worker for file content cache (C:\Users\Nikola\AndroidStudioProjects\IksOksAssignment\.gradle\5.6.4\fileContent)" [_thread_blocked, id=7540, stack(0x00000000253a0000,0x00000000254a0000)]
  0x0000000026b25800 JavaThread "Cache worker for Build Output Cleanup Cache (C:\Users\Nikola\AndroidStudioProjects\IksOksAssignment\.gradle\buildOutputCleanup)" [_thread_blocked, id=7524, stack(0x0000000024fa0000,0x00000000250a0000)]
  0x0000000026b27000 JavaThread "Build operations Thread 4" [_thread_blocked, id=7512, stack(0x0000000024ea0000,0x0000000024fa0000)]
  0x0000000026b26800 JavaThread "Build operations Thread 3" [_thread_blocked, id=7508, stack(0x0000000023cf0000,0x0000000023df0000)]
  0x0000000026b20000 JavaThread "Build operations Thread 2" [_thread_blocked, id=7504, stack(0x0000000023560000,0x0000000023660000)]
  0x0000000026b23800 JavaThread "Build operations" [_thread_blocked, id=7500, stack(0x00000000220d0000,0x00000000221d0000)]
  0x0000000026b22800 JavaThread "Cache worker for cache directory md-rule (C:\Users\Nikola\.gradle\caches\5.6.4\md-rule)" [_thread_blocked, id=7460, stack(0x0000000020a00000,0x0000000020b00000)]
  0x0000000026b21800 JavaThread "Cache worker for cache directory md-supplier (C:\Users\Nikola\.gradle\caches\5.6.4\md-supplier)" [_thread_blocked, id=7456, stack(0x0000000020900000,0x0000000020a00000)]
  0x0000000026b21000 JavaThread "Cache worker for file hash cache (C:\Users\Nikola\AndroidStudioProjects\IksOksAssignment\.gradle\5.6.4\fileHashes)" [_thread_blocked, id=7436, stack(0x000000001fd00000,0x000000001fe00000)]
  0x0000000026b1c800 JavaThread "Thread-99" [_thread_blocked, id=7432, stack(0x000000001fc00000,0x000000001fd00000)]
  0x0000000026b1f800 JavaThread "Stdin handler" [_thread_blocked, id=7428, stack(0x000000001e2b0000,0x000000001e3b0000)]
  0x0000000026b1e800 JavaThread "Asynchronous log dispatcher for DefaultDaemonConnection: socket connection from /127.0.0.1:1552 to /127.0.0.1:1876" [_thread_blocked, id=7424, stack(0x000000001ba10000,0x000000001bb10000)]
  0x0000000026b1a000 JavaThread "Daemon worker Thread 5" [_thread_blocked, id=7412, stack(0x000000001b710000,0x000000001b810000)]
  0x0000000026b1d000 JavaThread "Cancel handler" [_thread_blocked, id=7408, stack(0x000000001b610000,0x000000001b710000)]
  0x0000000026b1b800 JavaThread "Handler for socket connection from /127.0.0.1:1552 to /127.0.0.1:1876" [_thread_in_native, id=7404, stack(0x000000001b310000,0x000000001b410000)]
  0x0000000026b19800 JavaThread "Daemon Thread 5" [_thread_blocked, id=7400, stack(0x000000001b210000,0x000000001b310000)]
  0x000000001c14a800 JavaThread "Cache worker for Java compile cache (C:\Users\Nikola\.gradle\caches\5.6.4\javaCompile)" [_thread_blocked, id=4104, stack(0x0000000025e10000,0x0000000025f10000)]
  0x000000001c127800 JavaThread "Cache worker for file content cache (C:\Users\Nikola\.gradle\caches\5.6.4\fileContent)" [_thread_blocked, id=2440, stack(0x00000000250a0000,0x00000000251a0000)]
  0x000000001c120000 JavaThread "Memory manager" [_thread_blocked, id=6344, stack(0x00000000229d0000,0x0000000022ad0000)]
  0x000000001c11a000 JavaThread "Cache worker for execution history cache (C:\Users\Nikola\.gradle\caches\5.6.4\executionHistory)" [_thread_blocked, id=5520, stack(0x000000001fe00000,0x000000001ff00000)]
  0x0000000019ccf800 JavaThread "Cache worker for journal cache (C:\Users\Nikola\.gradle\caches\journal-1)" [_thread_blocked, id=3540, stack(0x000000001bf10000,0x000000001c010000)]
  0x0000000019cce000 JavaThread "File lock request listener" [_thread_in_native, id=1212, stack(0x000000001be10000,0x000000001bf10000)]
  0x0000000019ccc000 JavaThread "Cache worker for file hash cache (C:\Users\Nikola\.gradle\caches\5.6.4\fileHashes)" [_thread_blocked, id=4016, stack(0x000000001bd10000,0x000000001be10000)]
  0x0000000017d87800 JavaThread "Daemon periodic checks" [_thread_blocked, id=4100, stack(0x000000001b110000,0x000000001b210000)]
  0x0000000017dcf000 JavaThread "Incoming local TCP Connector on port 1552" [_thread_in_native, id=7000, stack(0x000000001af20000,0x000000001b020000)]
  0x0000000019b5b000 JavaThread "Daemon health stats" [_thread_blocked, id=6756, stack(0x000000001a940000,0x000000001aa40000)]
  0x0000000017acd000 JavaThread "Service Thread" daemon [_thread_blocked, id=4212, stack(0x0000000017fa0000,0x00000000180a0000)]
  0x00000000163ae800 JavaThread "C1 CompilerThread2" daemon [_thread_blocked, id=6496, stack(0x0000000017ea0000,0x0000000017fa0000)]
  0x00000000163a1800 JavaThread "C2 CompilerThread1" daemon [_thread_in_native, id=2188, stack(0x00000000179a0000,0x0000000017aa0000)]
=>0x0000000016357800 JavaThread "C2 CompilerThread0" daemon [_thread_in_native, id=2668, stack(0x00000000178a0000,0x00000000179a0000)]
  0x0000000016356000 JavaThread "Attach Listener" daemon [_thread_blocked, id=5128, stack(0x00000000177a0000,0x00000000178a0000)]
  0x0000000016353800 JavaThread "Signal Dispatcher" daemon [_thread_blocked, id=2996, stack(0x00000000176a0000,0x00000000177a0000)]
  0x00000000029da800 JavaThread "Finalizer" daemon [_thread_blocked, id=4452, stack(0x00000000175a0000,0x00000000176a0000)]
  0x00000000029d1000 JavaThread "Reference Handler" daemon [_thread_blocked, id=3440, stack(0x00000000174a0000,0x00000000175a0000)]
  0x00000000027dd800 JavaThread "main" [_thread_blocked, id=2076, stack(0x00000000027e0000,0x00000000028e0000)]

Other Threads:
  0x0000000016316000 VMThread [stack: 0x00000000173a0000,0x00000000174a0000] [id=4292]
  0x0000000017ace000 WatcherThread [stack: 0x00000000180a0000,0x00000000181a0000] [id=2856]

VM state:not at safepoint (normal execution)

VM Mutex/Monitor currently owned by a thread: None

heap address: 0x00000000a0000000, size: 1536 MB, Compressed Oops mode: 32-bit
Narrow klass base: 0x0000000000000000, Narrow klass shift: 3
Compressed class space size: 1073741824 Address: 0x0000000100000000

Heap:
 PSYoungGen      total 374784K, used 163921K [0x00000000e0000000, 0x00000000fcd80000, 0x0000000100000000)
  eden space 336896K, 48% used [0x00000000e0000000,0x00000000ea014470,0x00000000f4900000)
  from space 37888K, 0% used [0x00000000f4900000,0x00000000f4900000,0x00000000f6e00000)
  to   space 37376K, 0% used [0x00000000fa900000,0x00000000fa900000,0x00000000fcd80000)
 ParOldGen       total 153600K, used 46184K [0x00000000a0000000, 0x00000000a9600000, 0x00000000e0000000)
  object space 153600K, 30% used [0x00000000a0000000,0x00000000a2d1a0a0,0x00000000a9600000)
 Metaspace       used 91886K, capacity 95755K, committed 98600K, reserved 1134592K
  class space    used 12072K, capacity 12867K, committed 13480K, reserved 1048576K

Card table byte_map: [0x0000000011da0000,0x00000000120b0000] byte_map_base: 0x00000000118a0000

Marking Bits: (ParMarkBitMap*) 0x0000000071e99f30
 Begin Bits: [0x00000000126b0000, 0x0000000013eb0000)
 End Bits:   [0x0000000013eb0000, 0x00000000156b0000)

Polling page: 0x0000000000e00000

CodeCache: size=245760Kb used=47956Kb max_used=47963Kb free=197803Kb
 bounds [0x00000000029e0000, 0x0000000005900000, 0x00000000119e0000]
 total_blobs=15275 nmethods=14393 adapters=793
 compilation: enabled

Compilation events (10 events):
Event: 3399.715 Thread 0x00000000163a1800 nmethod 17448% 0x00000000058c63d0 code [0x00000000058c6540, 0x00000000058c6a68]
Event: 3410.125 Thread 0x00000000163ae800 17449       3       com.google.common.collect.RegularImmutableSet::createAsList (12 bytes)
Event: 3410.126 Thread 0x00000000163ae800 nmethod 17449 0x00000000058c5ad0 code [0x00000000058c5c60, 0x00000000058c6110]
Event: 3413.528 Thread 0x0000000016357800 17450   !   4       java.util.concurrent.locks.AbstractQueuedSynchronizer::acquireQueued (93 bytes)
Event: 3413.534 Thread 0x0000000016357800 nmethod 17450 0x00000000058c2910 code [0x00000000058c2a80, 0x00000000058c2f08]
Event: 3415.107 Thread 0x00000000163a1800 17451       4       java.util.concurrent.locks.AbstractQueuedSynchronizer$ConditionObject::awaitNanos (156 bytes)
Event: 3416.588 Thread 0x0000000016357800 17452   !   4       java.util.concurrent.LinkedBlockingQueue::poll (134 bytes)
Event: 3419.133 Thread 0x00000000163a1800 nmethod 17451 0x00000000058d9250 code [0x00000000058d9460, 0x00000000058da5d0]
Event: 3419.133 Thread 0x00000000163a1800 17453       4       org.gradle.launcher.daemon.server.exec.DaemonConnectionBackedEventConsumer$ForwardEvents::moreMessagesToSend (35 bytes)
Event: 3419.134 Thread 0x00000000163a1800 nmethod 17453 0x00000000058c5710 code [0x00000000058c5860, 0x00000000058c5968]

GC Heap History (10 events):
Event: 2232.062 GC heap before
{Heap before GC invocations=19 (full 3):
 PSYoungGen      total 230912K, used 230905K [0x00000000e0000000, 0x00000000f4480000, 0x0000000100000000)
  eden space 216064K, 100% used [0x00000000e0000000,0x00000000ed300000,0x00000000ed300000)
  from space 14848K, 99% used [0x00000000ed300000,0x00000000ee17e400,0x00000000ee180000)
  to   space 20480K, 0% used [0x00000000f3080000,0x00000000f3080000,0x00000000f4480000)
 ParOldGen       total 110592K, used 44289K [0x00000000a0000000, 0x00000000a6c00000, 0x00000000e0000000)
  object space 110592K, 40% used [0x00000000a0000000,0x00000000a2b406a8,0x00000000a6c00000)
 Metaspace       used 73169K, capacity 76440K, committed 76568K, reserved 1116160K
  class space    used 9739K, capacity 10440K, committed 10536K, reserved 1048576K
Event: 2232.090 GC heap after
Heap after GC invocations=19 (full 3):
 PSYoungGen      total 305664K, used 20470K [0x00000000e0000000, 0x00000000f5500000, 0x0000000100000000)
  eden space 285184K, 0% used [0x00000000e0000000,0x00000000e0000000,0x00000000f1680000)
  from space 20480K, 99% used [0x00000000f3080000,0x00000000f447d8f0,0x00000000f4480000)
  to   space 26624K, 0% used [0x00000000f1680000,0x00000000f1680000,0x00000000f3080000)
 ParOldGen       total 110592K, used 53495K [0x00000000a0000000, 0x00000000a6c00000, 0x00000000e0000000)
  object space 110592K, 48% used [0x00000000a0000000,0x00000000a343df88,0x00000000a6c00000)
 Metaspace       used 73169K, capacity 76440K, committed 76568K, reserved 1116160K
  class space    used 9739K, capacity 10440K, committed 10536K, reserved 1048576K
}
Event: 2770.478 GC heap before
{Heap before GC invocations=20 (full 3):
 PSYoungGen      total 305664K, used 305654K [0x00000000e0000000, 0x00000000f5500000, 0x0000000100000000)
  eden space 285184K, 100% used [0x00000000e0000000,0x00000000f1680000,0x00000000f1680000)
  from space 20480K, 99% used [0x00000000f3080000,0x00000000f447d8f0,0x00000000f4480000)
  to   space 26624K, 0% used [0x00000000f1680000,0x00000000f1680000,0x00000000f3080000)
 ParOldGen       total 110592K, used 53495K [0x00000000a0000000, 0x00000000a6c00000, 0x00000000e0000000)
  object space 110592K, 48% used [0x00000000a0000000,0x00000000a343df88,0x00000000a6c00000)
 Metaspace       used 82073K, capacity 85728K, committed 85912K, reserved 1124352K
  class space    used 10793K, capacity 11594K, committed 11688K, reserved 1048576K
Event: 2770.836 GC heap after
Heap after GC invocations=20 (full 3):
 PSYoungGen      total 311808K, used 17229K [0x00000000e0000000, 0x00000000f8880000, 0x0000000100000000)
  eden space 285184K, 0% used [0x00000000e0000000,0x00000000e0000000,0x00000000f1680000)
  from space 26624K, 64% used [0x00000000f1680000,0x00000000f27537a8,0x00000000f3080000)
  to   space 27136K, 0% used [0x00000000f6e00000,0x00000000f6e00000,0x00000000f8880000)
 ParOldGen       total 110592K, used 55414K [0x00000000a0000000, 0x00000000a6c00000, 0x00000000e0000000)
  object space 110592K, 50% used [0x00000000a0000000,0x00000000a361dba8,0x00000000a6c00000)
 Metaspace       used 82073K, capacity 85728K, committed 85912K, reserved 1124352K
  class space    used 10793K, capacity 11594K, committed 11688K, reserved 1048576K
}
Event: 2861.205 GC heap before
{Heap before GC invocations=21 (full 3):
 PSYoungGen      total 311808K, used 302413K [0x00000000e0000000, 0x00000000f8880000, 0x0000000100000000)
  eden space 285184K, 100% used [0x00000000e0000000,0x00000000f1680000,0x00000000f1680000)
  from space 26624K, 64% used [0x00000000f1680000,0x00000000f27537a8,0x00000000f3080000)
  to   space 27136K, 0% used [0x00000000f6e00000,0x00000000f6e00000,0x00000000f8880000)
 ParOldGen       total 110592K, used 55414K [0x00000000a0000000, 0x00000000a6c00000, 0x00000000e0000000)
  object space 110592K, 50% used [0x00000000a0000000,0x00000000a361dba8,0x00000000a6c00000)
 Metaspace       used 91881K, capacity 96664K, committed 96920K, reserved 1132544K
  class space    used 12165K, capacity 13118K, committed 13224K, reserved 1048576K
Event: 2861.333 GC heap after
Heap after GC invocations=21 (full 3):
 PSYoungGen      total 364032K, used 27113K [0x00000000e0000000, 0x00000000f9600000, 0x0000000100000000)
  eden space 336896K, 0% used [0x00000000e0000000,0x00000000e0000000,0x00000000f4900000)
  from space 27136K, 99% used [0x00000000f6e00000,0x00000000f887a7f0,0x00000000f8880000)
  to   space 37888K, 0% used [0x00000000f4900000,0x00000000f4900000,0x00000000f6e00000)
 ParOldGen       total 110592K, used 73444K [0x00000000a0000000, 0x00000000a6c00000, 0x00000000e0000000)
  object space 110592K, 66% used [0x00000000a0000000,0x00000000a47b9378,0x00000000a6c00000)
 Metaspace       used 91881K, capacity 96664K, committed 96920K, reserved 1132544K
  class space    used 12165K, capacity 13118K, committed 13224K, reserved 1048576K
}
Event: 2863.765 GC heap before
{Heap before GC invocations=22 (full 3):
 PSYoungGen      total 364032K, used 94979K [0x00000000e0000000, 0x00000000f9600000, 0x0000000100000000)
  eden space 336896K, 20% used [0x00000000e0000000,0x00000000e4246580,0x00000000f4900000)
  from space 27136K, 99% used [0x00000000f6e00000,0x00000000f887a7f0,0x00000000f8880000)
  to   space 37888K, 0% used [0x00000000f4900000,0x00000000f4900000,0x00000000f6e00000)
 ParOldGen       total 110592K, used 73444K [0x00000000a0000000, 0x00000000a6c00000, 0x00000000e0000000)
  object space 110592K, 66% used [0x00000000a0000000,0x00000000a47b9378,0x00000000a6c00000)
 Metaspace       used 93497K, capacity 98525K, committed 98600K, reserved 1134592K
  class space    used 12408K, capacity 13405K, committed 13480K, reserved 1048576K
Event: 2863.801 GC heap after
Heap after GC invocations=22 (full 3):
 PSYoungGen      total 374784K, used 4541K [0x00000000e0000000, 0x00000000fcd80000, 0x0000000100000000)
  eden space 336896K, 0% used [0x00000000e0000000,0x00000000e0000000,0x00000000f4900000)
  from space 37888K, 11% used [0x00000000f4900000,0x00000000f4d6f428,0x00000000f6e00000)
  to   space 37376K, 0% used [0x00000000fa900000,0x00000000fa900000,0x00000000fcd80000)
 ParOldGen       total 110592K, used 86251K [0x00000000a0000000, 0x00000000a6c00000, 0x00000000e0000000)
  object space 110592K, 77% used [0x00000000a0000000,0x00000000a543afd8,0x00000000a6c00000)
 Metaspace       used 93497K, capacity 98525K, committed 98600K, reserved 1134592K
  class space    used 12408K, capacity 13405K, committed 13480K, reserved 1048576K
}
Event: 2863.801 GC heap before
{Heap before GC invocations=23 (full 4):
 PSYoungGen      total 374784K, used 4541K [0x00000000e0000000, 0x00000000fcd80000, 0x0000000100000000)
  eden space 336896K, 0% used [0x00000000e0000000,0x00000000e0000000,0x00000000f4900000)
  from space 37888K, 11% used [0x00000000f4900000,0x00000000f4d6f428,0x00000000f6e00000)
  to   space 37376K, 0% used [0x00000000fa900000,0x00000000fa900000,0x00000000fcd80000)
 ParOldGen       total 110592K, used 86251K [0x00000000a0000000, 0x00000000a6c00000, 0x00000000e0000000)
  object space 110592K, 77% used [0x00000000a0000000,0x00000000a543afd8,0x00000000a6c00000)
 Metaspace       used 93497K, capacity 98525K, committed 98600K, reserved 1134592K
  class space    used 12408K, capacity 13405K, committed 13480K, reserved 1048576K
Event: 2864.394 GC heap after
Heap after GC invocations=23 (full 4):
 PSYoungGen      total 374784K, used 0K [0x00000000e0000000, 0x00000000fcd80000, 0x0000000100000000)
  eden space 336896K, 0% used [0x00000000e0000000,0x00000000e0000000,0x00000000f4900000)
  from space 37888K, 0% used [0x00000000f4900000,0x00000000f4900000,0x00000000f6e00000)
  to   space 37376K, 0% used [0x00000000fa900000,0x00000000fa900000,0x00000000fcd80000)
 ParOldGen       total 153600K, used 46184K [0x00000000a0000000, 0x00000000a9600000, 0x00000000e0000000)
  object space 153600K, 30% used [0x00000000a0000000,0x00000000a2d1a0a0,0x00000000a9600000)
 Metaspace       used 91397K, capacity 95175K, committed 98600K, reserved 1134592K
  class space    used 12032K, capacity 12787K, committed 13480K, reserved 1048576K
}

Deoptimization events (10 events):
Event: 3398.018 Thread 0x000000001c11a800 Uncommon trap: reason=predicate action=maybe_recompile pc=0x00000000049457dc method=java.util.ComparableTimSort.mergeLo(IIII)V @ 147
Event: 3398.046 Thread 0x000000001c11a800 Uncommon trap: reason=speculate_class_check action=maybe_recompile pc=0x000000000505cec8 method=com.sun.tools.javac.file.JavacFileManager.inferBinaryName(Ljavax/tools/JavaFileManager$Location;Ljavax/tools/JavaFileObject;)Ljava/lang/String; @ 23
Event: 3398.046 Thread 0x000000001c11a800 Uncommon trap: reason=speculate_class_check action=maybe_recompile pc=0x000000000505cec8 method=com.sun.tools.javac.file.JavacFileManager.inferBinaryName(Ljavax/tools/JavaFileManager$Location;Ljavax/tools/JavaFileObject;)Ljava/lang/String; @ 23
Event: 3398.046 Thread 0x000000001c11a800 Uncommon trap: reason=speculate_class_check action=maybe_recompile pc=0x000000000505cec8 method=com.sun.tools.javac.file.JavacFileManager.inferBinaryName(Ljavax/tools/JavaFileManager$Location;Ljavax/tools/JavaFileObject;)Ljava/lang/String; @ 23
Event: 3398.046 Thread 0x000000001c11a800 Uncommon trap: reason=speculate_class_check action=maybe_recompile pc=0x000000000505cec8 method=com.sun.tools.javac.file.JavacFileManager.inferBinaryName(Ljavax/tools/JavaFileManager$Location;Ljavax/tools/JavaFileObject;)Ljava/lang/String; @ 23
Event: 3398.522 Thread 0x0000000026b28800 Uncommon trap: reason=array_check action=maybe_recompile pc=0x000000000583a580 method=java.util.ComparableTimSort.mergeHi(IIII)V @ 101
Event: 3398.522 Thread 0x0000000026b28800 Uncommon trap: reason=array_check action=maybe_recompile pc=0x0000000005837610 method=java.util.ComparableTimSort.mergeLo(IIII)V @ 207
Event: 3398.522 Thread 0x0000000026b28800 Uncommon trap: reason=array_check action=maybe_recompile pc=0x0000000005837610 method=java.util.ComparableTimSort.mergeLo(IIII)V @ 207
Event: 3398.522 Thread 0x0000000026b28800 Uncommon trap: reason=array_check action=maybe_recompile pc=0x000000000583a580 method=java.util.ComparableTimSort.mergeHi(IIII)V @ 101
Event: 3398.522 Thread 0x0000000026b28800 Uncommon trap: reason=array_check action=maybe_recompile pc=0x000000000583a580 method=java.util.ComparableTimSort.mergeHi(IIII)V @ 101

Classes redefined (0 events):
No events

Internal exceptions (10 events):
Event: 2863.748 Thread 0x000000001c11d000 Exception <a 'sun/nio/fs/WindowsException'> (0x00000000e4021690) thrown at [D:\src\AOSP-openjdk-cygwin\jdk8u\hotspot\src\share\vm\prims\jni.cpp, line 710]
Event: 2864.470 Thread 0x000000001c11a800 Implicit null exception at 0x00000000030d8fa0 to 0x00000000030d91dd
Event: 2864.471 Thread 0x000000001c11a800 Implicit null exception at 0x00000000041b50d9 to 0x00000000041b5455
Event: 2864.471 Thread 0x000000001c11a800 Exception <a 'java/lang/NoSuchMethodError': <clinit>> (0x00000000e0a13f70) thrown at [D:\src\AOSP-openjdk-cygwin\jdk8u\hotspot\src\share\vm\prims\jni.cpp, line 1614]
Event: 2864.472 Thread 0x000000001c11a800 Exception <a 'java/lang/NoSuchMethodError': <clinit>> (0x00000000e0a26330) thrown at [D:\src\AOSP-openjdk-cygwin\jdk8u\hotspot\src\share\vm\prims\jni.cpp, line 1614]
Event: 3394.334 Thread 0x0000000026b1a000 Implicit null exception at 0x00000000037deb1b to 0x00000000037dee85
Event: 3394.334 Thread 0x0000000026b1a000 Implicit null exception at 0x0000000002bcba25 to 0x0000000002bcbd71
Event: 3394.335 Thread 0x0000000026b1a000 Implicit null exception at 0x000000000423719a to 0x0000000004237bb5
Event: 3397.542 Thread 0x000000001c118800 Exception <a 'sun/nio/fs/WindowsException'> (0x00000000e771d110) thrown at [D:\src\AOSP-openjdk-cygwin\jdk8u\hotspot\src\share\vm\prims\jni.cpp, line 710]
Event: 3397.542 Thread 0x000000001c118800 Exception <a 'sun/nio/fs/WindowsException'> (0x00000000e771d5b8) thrown at [D:\src\AOSP-openjdk-cygwin\jdk8u\hotspot\src\share\vm\prims\jni.cpp, line 710]

Events (10 events):
Event: 3398.522 Thread 0x0000000026b28800 DEOPT PACKING pc=0x000000000583a580 sp=0x000000002569d050
Event: 3398.522 Thread 0x0000000026b28800 DEOPT UNPACKING pc=0x0000000002a2557b sp=0x000000002569d038 mode 2
Event: 3399.507 Executing VM operation: RevokeBias
Event: 3399.705 Executing VM operation: RevokeBias done
Event: 3399.710 Executing VM operation: RevokeBias
Event: 3399.711 Executing VM operation: RevokeBias done
Event: 3399.712 Executing VM operation: RevokeBias
Event: 3399.713 Executing VM operation: RevokeBias done
Event: 3399.713 Executing VM operation: RevokeBias
Event: 3399.713 Executing VM operation: RevokeBias done


Dynamic libraries:
0x00007ff6d4430000 - 0x00007ff6d4461000 	D:\ANDROID STUDIO\jre\bin\java.exe
0x00007ffd046b0000 - 0x00007ffd0485d000 	C:\Windows\SYSTEM32\ntdll.dll
0x00007ffd03c40000 - 0x00007ffd03d7e000 	C:\Windows\system32\KERNEL32.DLL
0x00007ffce2160000 - 0x00007ffce2173000 	C:\Program Files\AVAST Software\Avast\aswhook.dll
0x00007ffd01c20000 - 0x00007ffd01d35000 	C:\Windows\system32\KERNELBASE.dll
0x00007ffd045a0000 - 0x00007ffd0464a000 	C:\Windows\system32\ADVAPI32.dll
0x00007ffd03aa0000 - 0x00007ffd03c17000 	C:\Windows\system32\USER32.dll
0x00007ffcff4f0000 - 0x00007ffcff76b000 	C:\Windows\WinSxS\amd64_microsoft.windows.common-controls_6595b64144ccf1df_6.0.9600.18006_none_623f33d3ecbe86e8\COMCTL32.dll
0x00007ffd04240000 - 0x00007ffd042ea000 	C:\Windows\system32\msvcrt.dll
0x00007ffd03d90000 - 0x00007ffd03de9000 	C:\Windows\SYSTEM32\sechost.dll
0x00007ffd038f0000 - 0x00007ffd03a30000 	C:\Windows\system32\RPCRT4.dll
0x00007ffd01f20000 - 0x00007ffd0206b000 	C:\Windows\system32\GDI32.dll
0x00007ffd018b0000 - 0x00007ffd018de000 	C:\Windows\system32\SspiCli.dll
0x00007ffd04200000 - 0x00007ffd04236000 	C:\Windows\system32\IMM32.DLL
0x00007ffd03600000 - 0x00007ffd03751000 	C:\Windows\system32\MSCTF.dll
0x00000000724a0000 - 0x0000000072572000 	D:\ANDROID STUDIO\jre\jre\bin\msvcr100.dll
0x00000000716d0000 - 0x0000000071f16000 	D:\ANDROID STUDIO\jre\jre\bin\server\jvm.dll
0x00007ffcf97f0000 - 0x00007ffcf97f9000 	C:\Windows\SYSTEM32\WSOCK32.dll
0x00007ffcff330000 - 0x00007ffcff352000 	C:\Windows\SYSTEM32\WINMM.dll
0x00007ffcff410000 - 0x00007ffcff41a000 	C:\Windows\SYSTEM32\VERSION.dll
0x00007ffd04510000 - 0x00007ffd04517000 	C:\Windows\system32\PSAPI.DLL
0x00007ffd03a40000 - 0x00007ffd03a9a000 	C:\Windows\system32\WS2_32.dll
0x00007ffcff300000 - 0x00007ffcff32a000 	C:\Windows\SYSTEM32\WINMMBASE.dll
0x00007ffd03a30000 - 0x00007ffd03a39000 	C:\Windows\system32\NSI.dll
0x00007ffd01bd0000 - 0x00007ffd01c1f000 	C:\Windows\SYSTEM32\cfgmgr32.dll
0x00007ffd005f0000 - 0x00007ffd00618000 	C:\Windows\SYSTEM32\DEVOBJ.dll
0x00007ffcfb660000 - 0x00007ffcfb66f000 	D:\ANDROID STUDIO\jre\jre\bin\verify.dll
0x00007ffcf9330000 - 0x00007ffcf9359000 	D:\ANDROID STUDIO\jre\jre\bin\java.dll
0x00007ffcf9310000 - 0x00007ffcf9326000 	D:\ANDROID STUDIO\jre\jre\bin\zip.dll
0x00007ffd02070000 - 0x00007ffd0359c000 	C:\Windows\system32\SHELL32.dll
0x00007ffd042f0000 - 0x00007ffd04502000 	C:\Windows\SYSTEM32\combase.dll
0x00007ffd035a0000 - 0x00007ffd035f4000 	C:\Windows\system32\SHLWAPI.dll
0x00007ffcffd70000 - 0x00007ffcffe22000 	C:\Windows\SYSTEM32\SHCORE.dll
0x00007ffd017e0000 - 0x00007ffd017f5000 	C:\Windows\SYSTEM32\profapi.dll
0x00007ffcf8760000 - 0x00007ffcf877a000 	D:\ANDROID STUDIO\jre\jre\bin\net.dll
0x00007ffcf0a00000 - 0x00007ffcf0b85000 	C:\Windows\SYSTEM32\urlmon.dll
0x00007ffd03eb0000 - 0x00007ffd04044000 	C:\Windows\system32\ole32.dll
0x00007ffcf6540000 - 0x00007ffcf680a000 	C:\Windows\SYSTEM32\iertutil.dll
0x00007ffcf6930000 - 0x00007ffcf6c51000 	C:\Windows\SYSTEM32\WININET.dll
0x00007ffd00e00000 - 0x00007ffd00e21000 	C:\Windows\SYSTEM32\USERENV.dll
0x00007ffd01070000 - 0x00007ffd010c9000 	C:\Windows\system32\mswsock.dll
0x00007ffcf6150000 - 0x00007ffcf6163000 	D:\ANDROID STUDIO\jre\jre\bin\nio.dll
0x00007ffce7f10000 - 0x00007ffce7f36000 	C:\Users\Nikola\.gradle\native\30\windows-amd64\native-platform.dll
0x00007ffcf4930000 - 0x00007ffcf493d000 	D:\ANDROID STUDIO\jre\jre\bin\management.dll
0x00007ffd010d0000 - 0x00007ffd010f0000 	C:\Windows\SYSTEM32\CRYPTSP.dll
0x00007ffd00cf0000 - 0x00007ffd00d26000 	C:\Windows\system32\rsaenh.dll
0x00007ffd01340000 - 0x00007ffd01366000 	C:\Windows\SYSTEM32\bcrypt.dll
0x00007ffd016b0000 - 0x00007ffd01713000 	C:\Windows\system32\bcryptprimitives.dll
0x00007ffd01720000 - 0x00007ffd0172b000 	C:\Windows\SYSTEM32\CRYPTBASE.dll
0x00007ffcfb200000 - 0x00007ffcfb22a000 	C:\Windows\SYSTEM32\IPHLPAPI.DLL
0x00007ffcfb430000 - 0x00007ffcfb43a000 	C:\Windows\SYSTEM32\WINNSI.DLL
0x00007ffcf9fd0000 - 0x00007ffcf9fe6000 	C:\Windows\SYSTEM32\dhcpcsvc6.DLL
0x00007ffcfa1c0000 - 0x00007ffcfa1da000 	C:\Windows\SYSTEM32\dhcpcsvc.DLL
0x00007ffcff4b0000 - 0x00007ffcff4e2000 	C:\Windows\SYSTEM32\ntmarta.dll

VM Arguments:
jvm_args: -Xmx1536m -Dfile.encoding=windows-1250 -Duser.country=GB -Duser.language=en -Duser.variant 
java_command: org.gradle.launcher.daemon.bootstrap.GradleDaemon 5.6.4
java_class_path (initial): C:\Users\Nikola\.gradle\wrapper\dists\gradle-5.6.4-all\ankdp27end7byghfw1q2sw75f\gradle-5.6.4\lib\gradle-launcher-5.6.4.jar
Launcher Type: SUN_STANDARD

Environment Variables:
JAVA_HOME=C:\Program Files\Java\jdk1.8.0_191
PATH=C:\Program Files\Java\jdk1.8.0_191\bin;D:\JAVA\JDK\bin;C:\Program Files\Java\jdk1.8.0_191\bin;C:\Program Files (x86)\Common Files\Oracle\Java\javapath;C:\ProgramData\Oracle\Java\javapath;C:\Windows\system32;C:\Windows;C:\Windows\System32\Wbem;C:\Windows\System32\WindowsPowerShell\v1.0\;C:\Program Files (x86)\NVIDIA Corporation\PhysX\Common;C:\Program Files\NVIDIA Corporation\NVIDIA NvDLISR
USERNAME=Nikola
OS=Windows_NT
PROCESSOR_IDENTIFIER=Intel64 Family 6 Model 58 Stepping 9, GenuineIntel



---------------  S Y S T E M  ---------------

OS: Windows 8.1 , 64 bit Build 9600 (6.3.9600.17415)

CPU:total 4 (initial active 4) (4 cores per cpu, 1 threads per core) family 6 model 58 stepping 9, cmov, cx8, fxsr, mmx, sse, sse2, sse3, ssse3, sse4.1, sse4.2, popcnt, avx, aes, clmul, erms, tsc, tscinvbit, tscinv

Memory: 4k page, physical 10450848k(3471500k free), swap 14365884k(2137208k free)

vm_info: OpenJDK 64-Bit Server VM (25.212-b04) for windows-amd64 JRE (1.8.0_212-release-1586-b04), built by "builder" with MS VC++ 10.0 (VS2010)

time: Mon Jul 13 21:07:29 2020
timezone: Central Europe Daylight Time
elapsed time: 3439 seconds (0d 0h 57m 19s)

